<?xml version="1.0" encoding="UTF-8"?>
<!-- Generated by org.testng.reporters.JUnitReportReporter -->
<testsuite hostname="Alonas-Air.local.tld" failures="0" tests="2" name="scripts._06_RadioButtonTest" time="17.053" errors="0" timestamp="2022-06-02T19:14:58 CDT" skipped="0">
  <testcase classname="scripts._06_RadioButtonTest" name="testFacebookRadioButton" time="11.538"/>
  <system-out/>
  <testcase classname="scripts._06_RadioButtonTest" name="creatingANewAccount" time="5.515"/>
  <system-out/>
</testsuite> <!-- scripts._06_RadioButtonTest -->
