<?xml version="1.0" encoding="UTF-8"?>
<!-- Generated by org.testng.reporters.JUnitReportReporter -->
<testsuite hostname="Alonas-Air.local.tld" failures="0" tests="2" name="scripts._06_RadioButtonTest" time="18.241" errors="0" timestamp="2022-06-11T14:41:07 CDT" skipped="0">
  <testcase classname="scripts._06_RadioButtonTest" name="testFacebookRadioButton" time="12.555"/>
  <system-out/>
  <testcase classname="scripts._06_RadioButtonTest" name="creatingANewAccount" time="5.686"/>
  <system-out/>
</testsuite> <!-- scripts._06_RadioButtonTest -->
