<?xml version="1.0" encoding="UTF-8"?>
<!-- Generated by org.testng.reporters.JUnitReportReporter -->
<testsuite hostname="Alonas-Air.local.tld" failures="0" tests="1" name="scripts._05_CheckBoxTest" time="4.175" errors="0" timestamp="2022-06-11T14:41:07 CDT" skipped="0">
  <testcase classname="scripts._05_CheckBoxTest" name="testCheckBoxInHeroApp" time="4.175"/>
  <system-out/>
</testsuite> <!-- scripts._05_CheckBoxTest -->
