<?xml version="1.0" encoding="UTF-8"?>
<!-- Generated by org.testng.reporters.JUnitReportReporter -->
<testsuite hostname="Alonas-Air.local.tld" failures="0" tests="1" name="scripts._04GoogleSearchTest" time="5.596" errors="0" timestamp="2022-06-11T14:41:07 CDT" skipped="0">
  <testcase classname="scripts._04GoogleSearchTest" name="testGoogleStoreLink" time="5.596"/>
  <system-out/>
</testsuite> <!-- scripts._04GoogleSearchTest -->
