<?xml version="1.0" encoding="UTF-8"?>
<!-- Generated by org.testng.reporters.JUnitReportReporter -->
<testsuite hostname="Alonas-Air.local.tld" failures="0" tests="2" name="scripts._09_Iframes" time="10.278" errors="0" timestamp="2022-06-11T14:41:07 CDT" skipped="0">
  <testcase classname="scripts._09_Iframes" name="testIframe1" time="4.364"/>
  <system-out/>
  <testcase classname="scripts._09_Iframes" name="testIframe2" time="5.914"/>
  <system-out/>
</testsuite> <!-- scripts._09_Iframes -->
