<?xml version="1.0" encoding="UTF-8"?>
<!-- Generated by org.testng.reporters.JUnitReportReporter -->
<testsuite hostname="Alonas-Air.local.tld" failures="0" tests="3" name="scripts._01_AppleTest" time="6.273" errors="0" timestamp="2022-06-02T19:14:58 CDT" skipped="1">
  <testcase classname="scripts._01_AppleTest" name="testAppleTitle" time="3.122"/>
  <system-out/>
  <testcase classname="scripts._01_AppleTest" name="testAppleURL" time="3.151"/>
  <system-out/>
  <testcase classname="scripts._01_AppleTest" name="X">
    <skipped/>
  </testcase> <!-- X -->
  <system-out/>
</testsuite> <!-- scripts._01_AppleTest -->
