<?xml version="1.0" encoding="UTF-8"?>
<!-- Generated by org.testng.reporters.JUnitReportReporter -->
<testsuite hostname="Alonas-Air.local.tld" failures="0" tests="2" name="scripts._010_WindowHandles" time="13.543" errors="0" timestamp="2022-06-11T14:41:07 CDT" skipped="0">
  <testcase classname="scripts._010_WindowHandles" name="techGlobalSchoolFaceBookIcon" time="9.703"/>
  <system-out/>
  <testcase classname="scripts._010_WindowHandles" name="testWindowHandle2" time="3.840"/>
  <system-out/>
</testsuite> <!-- scripts._010_WindowHandles -->
