<?xml version="1.0" encoding="UTF-8"?>
<!-- Generated by org.testng.reporters.JUnitReportReporter -->
<testsuite hostname="Alonas-Air.local.tld" failures="0" tests="1" name="scripts._02_TechGlobalTest" time="2.998" errors="0" timestamp="2022-06-02T19:14:58 CDT" skipped="0">
  <testcase classname="scripts._02_TechGlobalTest" name="testAplicationFormHeading" time="2.998"/>
  <system-out/>
</testsuite> <!-- scripts._02_TechGlobalTest -->
