<?xml version="1.0" encoding="UTF-8"?>
<!-- Generated by org.testng.reporters.JUnitReportReporter -->
<testsuite hostname="Alonas-Air.local.tld" failures="0" tests="1" name="scripts._03_EtsyTest" time="5.331" errors="0" timestamp="2022-06-11T14:41:07 CDT" skipped="0">
  <testcase classname="scripts._03_EtsyTest" name="testMainHeader" time="5.331"/>
  <system-out/>
</testsuite> <!-- scripts._03_EtsyTest -->
